[2026-02-16T22:02:34.183Z] [INFO] 游댌 Collecting session status data...
[2026-02-16T22:02:34.184Z] [INFO] 游꺚 Token Collector initialized
[2026-02-16T22:03:10.931Z] [INFO] 游댌 Collecting session status data...
[2026-02-16T22:03:10.933Z] [INFO] 游꺚 Token Collector initialized
[2026-02-16T22:03:10.934Z] [INFO] 游늭 Found logs at: /home/ubuntu/.openclaw/logs
[2026-02-16T22:03:10.961Z] [WARN] 游댃 Attempt 1 failed, retrying in 2s: Endpoint returned text/html; charset=utf-8, expected JSON
[2026-02-16T22:03:12.976Z] [WARN] 游댃 Attempt 2 failed, retrying in 4s: Endpoint returned text/html; charset=utf-8, expected JSON
[2026-02-16T22:03:16.992Z] [WARN] 游댃 Attempt 1 failed, retrying in 2s: Endpoint returned text/html; charset=utf-8, expected JSON
[2026-02-16T22:03:19.006Z] [WARN] 游댃 Attempt 2 failed, retrying in 4s: Endpoint returned text/html; charset=utf-8, expected JSON
[2026-02-16T22:03:23.026Z] [WARN] 游댃 Attempt 1 failed, retrying in 2s: Endpoint returned text/html; charset=utf-8, expected JSON
[2026-02-16T22:03:25.041Z] [WARN] 游댃 Attempt 2 failed, retrying in 4s: Endpoint returned text/html; charset=utf-8, expected JSON
[2026-02-16T22:03:37.623Z] [INFO] 游꺚 Token Collector initialized
[2026-02-16T22:03:37.624Z] [INFO] 游댌 Collecting session status data...
[2026-02-16T22:03:37.625Z] [INFO] 游늭 Found logs at: /home/ubuntu/.openclaw/logs
[2026-02-16T22:03:37.649Z] [WARN] 游댃 Attempt 1 failed, retrying in 2s: Endpoint returned text/html; charset=utf-8, expected JSON
[2026-02-16T22:03:39.664Z] [WARN] 游댃 Attempt 2 failed, retrying in 4s: Endpoint returned text/html; charset=utf-8, expected JSON
[2026-02-16T22:03:43.682Z] [WARN] 游댃 Attempt 1 failed, retrying in 2s: Endpoint returned text/html; charset=utf-8, expected JSON
[2026-02-16T22:03:45.696Z] [WARN] 游댃 Attempt 2 failed, retrying in 4s: Endpoint returned text/html; charset=utf-8, expected JSON
[2026-02-16T22:03:49.714Z] [WARN] 游댃 Attempt 1 failed, retrying in 2s: Endpoint returned text/html; charset=utf-8, expected JSON
[2026-02-16T22:03:51.729Z] [WARN] 游댃 Attempt 2 failed, retrying in 4s: Endpoint returned text/html; charset=utf-8, expected JSON
[2026-02-16T22:04:04.067Z] [INFO] 游꺚 Token Collector initialized
[2026-02-16T22:04:04.069Z] [INFO] 游댌 Collecting session status data...
[2026-02-16T22:04:04.070Z] [INFO] 游늭 Found logs at: /home/ubuntu/.openclaw/logs
[2026-02-16T22:04:04.099Z] [WARN] 丘멆잺  Endpoint /api/session/status returns HTML, skipping
[2026-02-16T22:04:04.110Z] [WARN] 丘멆잺  Endpoint /api/stats returns HTML, skipping
[2026-02-16T22:04:04.116Z] [WARN] 丘멆잺  Endpoint /session_status returns HTML, skipping
[2026-02-16T22:04:04.119Z] [WARN] 丘멆잺  Endpoint /stats returns HTML, skipping
[2026-02-16T22:04:04.122Z] [WARN] 丘멆잺  Endpoint /api/v1/session returns HTML, skipping
[2026-02-16T22:04:04.125Z] [WARN] 丘멆잺  Endpoint /api/usage returns HTML, skipping
[2026-02-16T22:04:04.126Z] [WARN] 游니 No JSON API endpoints found, falling back to simulation
[2026-02-16T22:04:04.126Z] [WARN] 游늵 Using simulated data (no data sources accessible)
[2026-02-16T22:04:04.127Z] [INFO] 游늳 Collected: 405 in, 643 out, 101 context
[2026-02-16T22:04:08.334Z] [INFO] 游꺚 Token Collector initialized
[2026-02-16T22:04:08.336Z] [INFO] 游늭 Loaded existing data
[2026-02-17T18:47:10.886Z] [INFO] 游꺚 Token Collector initialized
[2026-02-17T18:47:10.887Z] [INFO] 游늭 Loaded existing data
[2026-02-17T18:47:32.850Z] [INFO] 游꺚 Token Collector initialized
[2026-02-17T18:47:32.852Z] [INFO] 游늭 Loaded existing data
[2026-02-17T18:47:32.853Z] [INFO] 游댌 Collecting session status data...
[2026-02-17T18:47:32.856Z] [INFO] 游늭 Found logs at: /home/ubuntu/.openclaw/logs
[2026-02-17T18:47:32.906Z] [WARN] 丘멆잺  Endpoint /api/session/status returns HTML, skipping
[2026-02-17T18:47:32.910Z] [WARN] 丘멆잺  Endpoint /api/stats returns HTML, skipping
[2026-02-17T18:47:32.912Z] [WARN] 丘멆잺  Endpoint /session_status returns HTML, skipping
[2026-02-17T18:47:32.914Z] [WARN] 丘멆잺  Endpoint /stats returns HTML, skipping
[2026-02-17T18:47:32.917Z] [WARN] 丘멆잺  Endpoint /api/v1/session returns HTML, skipping
[2026-02-17T18:47:32.919Z] [WARN] 丘멆잺  Endpoint /api/usage returns HTML, skipping
[2026-02-17T18:47:32.919Z] [WARN] 游니 No JSON API endpoints found, falling back to simulation
[2026-02-17T18:47:32.919Z] [WARN] 游늵 Using simulated data (no data sources accessible)
[2026-02-17T18:47:32.920Z] [INFO] 游늳 Collected: 207 in, 994 out, 92 context
[2026-02-17T18:47:58.413Z] [INFO] 游꺚 Token Collector initialized
[2026-02-17T18:47:58.414Z] [INFO] 游늭 Loaded existing data
[2026-02-17T18:47:58.416Z] [INFO] 游댌 Collecting session status data...
[2026-02-17T18:47:58.416Z] [INFO] 游늭 Found logs at: /home/ubuntu/.openclaw/logs
[2026-02-17T18:47:58.455Z] [WARN] 丘멆잺  Endpoint /api/session/status returns HTML, skipping
[2026-02-17T18:47:58.459Z] [WARN] 丘멆잺  Endpoint /api/stats returns HTML, skipping
[2026-02-17T18:47:58.462Z] [WARN] 丘멆잺  Endpoint /session_status returns HTML, skipping
[2026-02-17T18:47:58.465Z] [WARN] 丘멆잺  Endpoint /stats returns HTML, skipping
[2026-02-17T18:47:58.468Z] [WARN] 丘멆잺  Endpoint /api/v1/session returns HTML, skipping
[2026-02-17T18:47:58.471Z] [WARN] 丘멆잺  Endpoint /api/usage returns HTML, skipping
[2026-02-17T18:47:58.471Z] [WARN] 游니 No JSON API endpoints found, falling back to simulation
[2026-02-17T18:47:58.472Z] [WARN] 游늵 Using simulated data (no data sources accessible)
[2026-02-17T18:47:58.472Z] [INFO] 游늳 Collected: 477 in, 279 out, 152 context
[2026-02-17T18:48:11.037Z] [INFO] 游꺚 Token Collector initialized
[2026-02-17T18:48:11.038Z] [INFO] 游늭 Loaded existing data
[2026-02-17T18:48:11.040Z] [INFO] 游댌 Collecting session status data...
[2026-02-17T18:48:11.040Z] [INFO] 游늭 Found logs at: /home/ubuntu/.openclaw/logs
[2026-02-17T18:48:11.078Z] [WARN] 丘멆잺  Endpoint /api/session/status returns HTML, skipping
[2026-02-17T18:48:11.083Z] [WARN] 丘멆잺  Endpoint /api/stats returns HTML, skipping
[2026-02-17T18:48:11.086Z] [WARN] 丘멆잺  Endpoint /session_status returns HTML, skipping
[2026-02-17T18:48:11.089Z] [WARN] 丘멆잺  Endpoint /stats returns HTML, skipping
[2026-02-17T18:48:11.092Z] [WARN] 丘멆잺  Endpoint /api/v1/session returns HTML, skipping
[2026-02-17T18:48:11.095Z] [WARN] 丘멆잺  Endpoint /api/usage returns HTML, skipping
[2026-02-17T18:48:11.095Z] [WARN] 游니 No JSON API endpoints found, falling back to simulation
[2026-02-17T18:48:11.096Z] [WARN] 游늵 Using simulated data (no data sources accessible)
[2026-02-17T18:48:11.097Z] [INFO] 游늳 Collected: 338 in, 918 out, 102 context
[2026-02-17T18:50:01.165Z] [INFO] 游꺚 Token Collector initialized
[2026-02-17T18:50:01.172Z] [INFO] 游늭 Loaded existing data
[2026-02-17T18:50:01.173Z] [INFO] 游댌 Collecting session status data...
[2026-02-17T18:50:01.174Z] [INFO] 游늭 Found logs at: /home/ubuntu/.openclaw/logs
[2026-02-17T18:50:01.237Z] [WARN] 丘멆잺  Endpoint /api/session/status returns HTML, skipping
[2026-02-17T18:50:01.243Z] [WARN] 丘멆잺  Endpoint /api/stats returns HTML, skipping
[2026-02-17T18:50:01.246Z] [WARN] 丘멆잺  Endpoint /session_status returns HTML, skipping
[2026-02-17T18:50:01.249Z] [WARN] 丘멆잺  Endpoint /stats returns HTML, skipping
[2026-02-17T18:50:01.252Z] [WARN] 丘멆잺  Endpoint /api/v1/session returns HTML, skipping
[2026-02-17T18:50:01.255Z] [WARN] 丘멆잺  Endpoint /api/usage returns HTML, skipping
[2026-02-17T18:50:01.256Z] [WARN] 游니 No JSON API endpoints found, falling back to simulation
[2026-02-17T18:50:01.256Z] [WARN] 游늵 Using simulated data (no data sources accessible)
[2026-02-17T18:50:01.257Z] [INFO] 游늳 Collected: 229 in, 627 out, 179 context
[2026-02-17T18:58:49.295Z] [INFO] 游꺚 Token Collector initialized
[2026-02-17T18:58:49.296Z] [INFO] 游늭 Loaded existing data
[2026-02-17T18:58:49.297Z] [INFO] 游댌 Collecting session status data...
[2026-02-17T18:58:49.297Z] [INFO] 游늭 Found logs at: /home/ubuntu/.openclaw/logs
[2026-02-17T18:58:49.331Z] [WARN] 丘멆잺  Endpoint /api/session/status returns HTML, skipping
[2026-02-17T18:58:49.334Z] [WARN] 丘멆잺  Endpoint /api/stats returns HTML, skipping
[2026-02-17T18:58:49.337Z] [WARN] 丘멆잺  Endpoint /session_status returns HTML, skipping
[2026-02-17T18:58:49.339Z] [WARN] 丘멆잺  Endpoint /stats returns HTML, skipping
[2026-02-17T18:58:49.341Z] [WARN] 丘멆잺  Endpoint /api/v1/session returns HTML, skipping
[2026-02-17T18:58:49.344Z] [WARN] 丘멆잺  Endpoint /api/usage returns HTML, skipping
[2026-02-17T18:58:49.344Z] [WARN] 游니 No JSON API endpoints found, falling back to simulation
[2026-02-17T18:58:49.344Z] [WARN] 游늵 Using simulated data (no data sources accessible)
[2026-02-17T18:58:49.345Z] [INFO] 游늳 Collected: 155 in, 694 out, 141 context
[2026-02-17T19:00:02.059Z] [INFO] 游꺚 Token Collector initialized
[2026-02-17T19:00:02.070Z] [INFO] 游늭 Loaded existing data
[2026-02-17T19:00:02.072Z] [INFO] 游댌 Collecting session status data...
[2026-02-17T19:00:02.072Z] [INFO] 游늭 Found logs at: /home/ubuntu/.openclaw/logs
[2026-02-17T19:00:02.214Z] [WARN] 丘멆잺  Endpoint /api/session/status returns HTML, skipping
[2026-02-17T19:00:02.232Z] [WARN] 丘멆잺  Endpoint /api/stats returns HTML, skipping
[2026-02-17T19:00:02.252Z] [WARN] 丘멆잺  Endpoint /session_status returns HTML, skipping
[2026-02-17T19:00:02.263Z] [WARN] 丘멆잺  Endpoint /stats returns HTML, skipping
[2026-02-17T19:00:02.290Z] [WARN] 丘멆잺  Endpoint /api/v1/session returns HTML, skipping
[2026-02-17T19:00:02.302Z] [WARN] 丘멆잺  Endpoint /api/usage returns HTML, skipping
[2026-02-17T19:00:02.305Z] [WARN] 游니 No JSON API endpoints found, falling back to simulation
[2026-02-17T19:00:02.306Z] [WARN] 游늵 Using simulated data (no data sources accessible)
[2026-02-17T19:00:02.306Z] [INFO] 游늳 Collected: 362 in, 626 out, 99 context
[2026-02-17T20:00:02.560Z] [INFO] 游꺚 Token Collector initialized
[2026-02-17T20:00:02.571Z] [INFO] 游늭 Loaded existing data
[2026-02-17T20:00:02.572Z] [INFO] 游댌 Collecting session status data...
[2026-02-17T20:00:02.573Z] [INFO] 游늭 Found logs at: /home/ubuntu/.openclaw/logs
[2026-02-17T20:00:02.685Z] [WARN] 丘멆잺  Endpoint /api/session/status returns HTML, skipping
[2026-02-17T20:00:02.708Z] [WARN] 丘멆잺  Endpoint /api/stats returns HTML, skipping
[2026-02-17T20:00:02.722Z] [WARN] 丘멆잺  Endpoint /session_status returns HTML, skipping
[2026-02-17T20:00:02.730Z] [WARN] 丘멆잺  Endpoint /stats returns HTML, skipping
[2026-02-17T20:00:02.741Z] [WARN] 丘멆잺  Endpoint /api/v1/session returns HTML, skipping
[2026-02-17T20:00:02.750Z] [WARN] 丘멆잺  Endpoint /api/usage returns HTML, skipping
[2026-02-17T20:00:02.750Z] [WARN] 游니 No JSON API endpoints found, falling back to simulation
[2026-02-17T20:00:02.751Z] [WARN] 游늵 Using simulated data (no data sources accessible)
[2026-02-17T20:00:02.759Z] [INFO] 游늳 Collected: 106 in, 990 out, 148 context
[2026-02-17T21:00:02.031Z] [INFO] 游꺚 Token Collector initialized
[2026-02-17T21:00:02.033Z] [INFO] 游늭 Loaded existing data
[2026-02-17T21:00:02.035Z] [INFO] 游댌 Collecting session status data...
[2026-02-17T21:00:02.036Z] [INFO] 游늭 Found logs at: /home/ubuntu/.openclaw/logs
[2026-02-17T21:00:02.139Z] [WARN] 丘멆잺  Endpoint /api/session/status returns HTML, skipping
[2026-02-17T21:00:02.161Z] [WARN] 丘멆잺  Endpoint /api/stats returns HTML, skipping
[2026-02-17T21:00:02.168Z] [WARN] 丘멆잺  Endpoint /session_status returns HTML, skipping
[2026-02-17T21:00:02.176Z] [WARN] 丘멆잺  Endpoint /stats returns HTML, skipping
[2026-02-17T21:00:02.215Z] [WARN] 丘멆잺  Endpoint /api/v1/session returns HTML, skipping
[2026-02-17T21:00:02.232Z] [WARN] 丘멆잺  Endpoint /api/usage returns HTML, skipping
[2026-02-17T21:00:02.235Z] [WARN] 游니 No JSON API endpoints found, falling back to simulation
[2026-02-17T21:00:02.246Z] [WARN] 游늵 Using simulated data (no data sources accessible)
[2026-02-17T21:00:02.250Z] [INFO] 游늳 Collected: 394 in, 833 out, 133 context
[2026-02-17T22:00:02.481Z] [INFO] 游꺚 Token Collector initialized
[2026-02-17T22:00:02.487Z] [INFO] 游늭 Loaded existing data
[2026-02-17T22:00:02.488Z] [INFO] 游댌 Collecting session status data...
[2026-02-17T22:00:02.489Z] [INFO] 游늭 Found logs at: /home/ubuntu/.openclaw/logs
[2026-02-17T22:00:02.602Z] [WARN] 丘멆잺  Endpoint /api/session/status returns HTML, skipping
[2026-02-17T22:00:02.612Z] [WARN] 丘멆잺  Endpoint /api/stats returns HTML, skipping
[2026-02-17T22:00:02.619Z] [WARN] 丘멆잺  Endpoint /session_status returns HTML, skipping
[2026-02-17T22:00:02.636Z] [WARN] 丘멆잺  Endpoint /stats returns HTML, skipping
[2026-02-17T22:00:02.639Z] [WARN] 丘멆잺  Endpoint /api/v1/session returns HTML, skipping
[2026-02-17T22:00:02.664Z] [WARN] 丘멆잺  Endpoint /api/usage returns HTML, skipping
[2026-02-17T22:00:02.664Z] [WARN] 游니 No JSON API endpoints found, falling back to simulation
[2026-02-17T22:00:02.665Z] [WARN] 游늵 Using simulated data (no data sources accessible)
[2026-02-17T22:00:02.665Z] [INFO] 游늳 Collected: 227 in, 289 out, 105 context
[2026-02-17T23:00:02.857Z] [INFO] 游꺚 Token Collector initialized
[2026-02-17T23:00:02.859Z] [INFO] 游늭 Loaded existing data
[2026-02-17T23:00:02.861Z] [INFO] 游댌 Collecting session status data...
[2026-02-17T23:00:02.865Z] [INFO] 游늭 Found logs at: /home/ubuntu/.openclaw/logs
[2026-02-17T23:00:03.031Z] [WARN] 丘멆잺  Endpoint /api/session/status returns HTML, skipping
[2026-02-17T23:00:03.046Z] [WARN] 丘멆잺  Endpoint /api/stats returns HTML, skipping
[2026-02-17T23:00:03.052Z] [WARN] 丘멆잺  Endpoint /session_status returns HTML, skipping
[2026-02-17T23:00:03.056Z] [WARN] 丘멆잺  Endpoint /stats returns HTML, skipping
[2026-02-17T23:00:03.062Z] [WARN] 丘멆잺  Endpoint /api/v1/session returns HTML, skipping
[2026-02-17T23:00:03.065Z] [WARN] 丘멆잺  Endpoint /api/usage returns HTML, skipping
[2026-02-17T23:00:03.065Z] [WARN] 游니 No JSON API endpoints found, falling back to simulation
[2026-02-17T23:00:03.066Z] [WARN] 游늵 Using simulated data (no data sources accessible)
[2026-02-17T23:00:03.066Z] [INFO] 游늳 Collected: 487 in, 924 out, 68 context
[2026-02-18T00:00:03.134Z] [INFO] 游꺚 Token Collector initialized
[2026-02-18T00:00:03.140Z] [INFO] 游늭 Loaded existing data
[2026-02-18T00:00:03.369Z] [INFO] 游꺚 Token Collector initialized
[2026-02-18T00:00:03.372Z] [INFO] 游늭 Loaded existing data
[2026-02-18T00:00:03.373Z] [INFO] 游댌 Collecting session status data...
[2026-02-18T00:00:03.376Z] [INFO] 游늭 Found logs at: /home/ubuntu/.openclaw/logs
[2026-02-18T00:00:03.442Z] [WARN] 丘멆잺  Endpoint /api/session/status returns HTML, skipping
[2026-02-18T00:00:03.447Z] [WARN] 丘멆잺  Endpoint /api/stats returns HTML, skipping
[2026-02-18T00:00:03.460Z] [WARN] 丘멆잺  Endpoint /session_status returns HTML, skipping
[2026-02-18T00:00:03.469Z] [WARN] 丘멆잺  Endpoint /stats returns HTML, skipping
[2026-02-18T00:00:03.476Z] [WARN] 丘멆잺  Endpoint /api/v1/session returns HTML, skipping
[2026-02-18T00:00:03.483Z] [WARN] 丘멆잺  Endpoint /api/usage returns HTML, skipping
[2026-02-18T00:00:03.487Z] [WARN] 游니 No JSON API endpoints found, falling back to simulation
[2026-02-18T00:00:03.488Z] [WARN] 游늵 Using simulated data (no data sources accessible)
[2026-02-18T00:00:03.490Z] [INFO] 游늳 Collected: 111 in, 366 out, 98 context
[2026-02-18T01:00:02.632Z] [INFO] 游꺚 Token Collector initialized
[2026-02-18T01:00:02.635Z] [INFO] 游늭 Loaded existing data
[2026-02-18T01:00:02.638Z] [INFO] 游댌 Collecting session status data...
[2026-02-18T01:00:02.638Z] [INFO] 游늭 Found logs at: /home/ubuntu/.openclaw/logs
[2026-02-18T01:00:02.705Z] [WARN] 丘멆잺  Endpoint /api/session/status returns HTML, skipping
[2026-02-18T01:00:02.712Z] [WARN] 丘멆잺  Endpoint /api/stats returns HTML, skipping
[2026-02-18T01:00:02.722Z] [WARN] 丘멆잺  Endpoint /session_status returns HTML, skipping
[2026-02-18T01:00:02.743Z] [WARN] 丘멆잺  Endpoint /stats returns HTML, skipping
[2026-02-18T01:00:02.759Z] [WARN] 丘멆잺  Endpoint /api/v1/session returns HTML, skipping
[2026-02-18T01:00:02.764Z] [WARN] 丘멆잺  Endpoint /api/usage returns HTML, skipping
[2026-02-18T01:00:02.765Z] [WARN] 游니 No JSON API endpoints found, falling back to simulation
[2026-02-18T01:00:02.782Z] [WARN] 游늵 Using simulated data (no data sources accessible)
[2026-02-18T01:00:02.792Z] [INFO] 游늳 Collected: 247 in, 930 out, 199 context
[2026-02-18T02:00:02.727Z] [INFO] 游꺚 Token Collector initialized
[2026-02-18T02:00:02.729Z] [INFO] 游늭 Loaded existing data
[2026-02-18T02:00:02.735Z] [INFO] 游댌 Collecting session status data...
[2026-02-18T02:00:02.736Z] [INFO] 游늭 Found logs at: /home/ubuntu/.openclaw/logs
[2026-02-18T02:00:02.817Z] [WARN] 丘멆잺  Endpoint /api/session/status returns HTML, skipping
[2026-02-18T02:00:02.828Z] [WARN] 丘멆잺  Endpoint /api/stats returns HTML, skipping
[2026-02-18T02:00:02.831Z] [WARN] 丘멆잺  Endpoint /session_status returns HTML, skipping
[2026-02-18T02:00:02.839Z] [WARN] 丘멆잺  Endpoint /stats returns HTML, skipping
[2026-02-18T02:00:02.850Z] [WARN] 丘멆잺  Endpoint /api/v1/session returns HTML, skipping
[2026-02-18T02:00:02.858Z] [WARN] 丘멆잺  Endpoint /api/usage returns HTML, skipping
[2026-02-18T02:00:02.858Z] [WARN] 游니 No JSON API endpoints found, falling back to simulation
[2026-02-18T02:00:02.858Z] [WARN] 游늵 Using simulated data (no data sources accessible)
[2026-02-18T02:00:02.859Z] [INFO] 游늳 Collected: 122 in, 523 out, 168 context
[2026-02-18T03:00:01.552Z] [INFO] 游꺚 Token Collector initialized
[2026-02-18T03:00:01.557Z] [INFO] 游늭 Loaded existing data
[2026-02-18T03:00:01.559Z] [INFO] 游댌 Collecting session status data...
[2026-02-18T03:00:01.559Z] [INFO] 游늭 Found logs at: /home/ubuntu/.openclaw/logs
[2026-02-18T03:00:01.665Z] [WARN] 丘멆잺  Endpoint /api/session/status returns HTML, skipping
[2026-02-18T03:00:01.675Z] [WARN] 丘멆잺  Endpoint /api/stats returns HTML, skipping
[2026-02-18T03:00:01.681Z] [WARN] 丘멆잺  Endpoint /session_status returns HTML, skipping
[2026-02-18T03:00:01.693Z] [WARN] 丘멆잺  Endpoint /stats returns HTML, skipping
[2026-02-18T03:00:01.698Z] [WARN] 丘멆잺  Endpoint /api/v1/session returns HTML, skipping
[2026-02-18T03:00:01.713Z] [WARN] 丘멆잺  Endpoint /api/usage returns HTML, skipping
[2026-02-18T03:00:01.714Z] [WARN] 游니 No JSON API endpoints found, falling back to simulation
[2026-02-18T03:00:01.714Z] [WARN] 游늵 Using simulated data (no data sources accessible)
[2026-02-18T03:00:01.719Z] [INFO] 游늳 Collected: 497 in, 665 out, 167 context
[2026-02-18T04:00:02.843Z] [INFO] 游꺚 Token Collector initialized
[2026-02-18T04:00:02.847Z] [INFO] 游늭 Loaded existing data
[2026-02-18T04:00:02.849Z] [INFO] 游댌 Collecting session status data...
[2026-02-18T04:00:02.851Z] [INFO] 游늭 Found logs at: /home/ubuntu/.openclaw/logs
[2026-02-18T04:00:02.921Z] [WARN] 丘멆잺  Endpoint /api/session/status returns HTML, skipping
[2026-02-18T04:00:02.929Z] [WARN] 丘멆잺  Endpoint /api/stats returns HTML, skipping
[2026-02-18T04:00:02.936Z] [WARN] 丘멆잺  Endpoint /session_status returns HTML, skipping
[2026-02-18T04:00:02.944Z] [WARN] 丘멆잺  Endpoint /stats returns HTML, skipping
[2026-02-18T04:00:02.950Z] [WARN] 丘멆잺  Endpoint /api/v1/session returns HTML, skipping
[2026-02-18T04:00:02.957Z] [WARN] 丘멆잺  Endpoint /api/usage returns HTML, skipping
[2026-02-18T04:00:02.958Z] [WARN] 游니 No JSON API endpoints found, falling back to simulation
[2026-02-18T04:00:02.962Z] [WARN] 游늵 Using simulated data (no data sources accessible)
[2026-02-18T04:00:02.962Z] [INFO] 游늳 Collected: 234 in, 832 out, 58 context
[2026-02-18T05:00:02.728Z] [INFO] 游꺚 Token Collector initialized
[2026-02-18T05:00:02.729Z] [INFO] 游늭 Loaded existing data
[2026-02-18T05:00:02.730Z] [INFO] 游댌 Collecting session status data...
[2026-02-18T05:00:02.731Z] [INFO] 游늭 Found logs at: /home/ubuntu/.openclaw/logs
[2026-02-18T05:00:02.819Z] [WARN] 丘멆잺  Endpoint /api/session/status returns HTML, skipping
[2026-02-18T05:00:02.831Z] [WARN] 丘멆잺  Endpoint /api/stats returns HTML, skipping
[2026-02-18T05:00:02.836Z] [WARN] 丘멆잺  Endpoint /session_status returns HTML, skipping
[2026-02-18T05:00:02.839Z] [WARN] 丘멆잺  Endpoint /stats returns HTML, skipping
[2026-02-18T05:00:02.844Z] [WARN] 丘멆잺  Endpoint /api/v1/session returns HTML, skipping
[2026-02-18T05:00:02.860Z] [WARN] 丘멆잺  Endpoint /api/usage returns HTML, skipping
[2026-02-18T05:00:02.861Z] [WARN] 游니 No JSON API endpoints found, falling back to simulation
[2026-02-18T05:00:02.861Z] [WARN] 游늵 Using simulated data (no data sources accessible)
[2026-02-18T05:00:02.862Z] [INFO] 游늳 Collected: 467 in, 971 out, 114 context
[2026-02-18T06:00:02.855Z] [INFO] 游꺚 Token Collector initialized
[2026-02-18T06:00:02.858Z] [INFO] 游늭 Loaded existing data
[2026-02-18T06:00:02.868Z] [INFO] 游댌 Collecting session status data...
[2026-02-18T06:00:02.869Z] [INFO] 游늭 Found logs at: /home/ubuntu/.openclaw/logs
[2026-02-18T06:00:02.982Z] [WARN] 丘멆잺  Endpoint /api/session/status returns HTML, skipping
[2026-02-18T06:00:02.988Z] [WARN] 丘멆잺  Endpoint /api/stats returns HTML, skipping
[2026-02-18T06:00:02.993Z] [WARN] 丘멆잺  Endpoint /session_status returns HTML, skipping
[2026-02-18T06:00:02.997Z] [WARN] 丘멆잺  Endpoint /stats returns HTML, skipping
[2026-02-18T06:00:03.005Z] [WARN] 丘멆잺  Endpoint /api/v1/session returns HTML, skipping
[2026-02-18T06:00:03.013Z] [WARN] 丘멆잺  Endpoint /api/usage returns HTML, skipping
[2026-02-18T06:00:03.015Z] [WARN] 游니 No JSON API endpoints found, falling back to simulation
[2026-02-18T06:00:03.015Z] [WARN] 游늵 Using simulated data (no data sources accessible)
[2026-02-18T06:00:03.016Z] [INFO] 游늳 Collected: 430 in, 366 out, 162 context
[2026-02-18T07:00:02.453Z] [INFO] 游꺚 Token Collector initialized
[2026-02-18T07:00:02.456Z] [INFO] 游늭 Loaded existing data
[2026-02-18T07:00:02.462Z] [INFO] 游댌 Collecting session status data...
[2026-02-18T07:00:02.463Z] [INFO] 游늭 Found logs at: /home/ubuntu/.openclaw/logs
[2026-02-18T07:00:02.552Z] [WARN] 丘멆잺  Endpoint /api/session/status returns HTML, skipping
[2026-02-18T07:00:02.567Z] [WARN] 丘멆잺  Endpoint /api/stats returns HTML, skipping
[2026-02-18T07:00:02.573Z] [WARN] 丘멆잺  Endpoint /session_status returns HTML, skipping
[2026-02-18T07:00:02.577Z] [WARN] 丘멆잺  Endpoint /stats returns HTML, skipping
[2026-02-18T07:00:02.584Z] [WARN] 丘멆잺  Endpoint /api/v1/session returns HTML, skipping
[2026-02-18T07:00:02.589Z] [WARN] 丘멆잺  Endpoint /api/usage returns HTML, skipping
[2026-02-18T07:00:02.590Z] [WARN] 游니 No JSON API endpoints found, falling back to simulation
[2026-02-18T07:00:02.599Z] [WARN] 游늵 Using simulated data (no data sources accessible)
[2026-02-18T07:00:02.600Z] [INFO] 游늳 Collected: 179 in, 456 out, 58 context
[2026-02-18T08:00:02.604Z] [INFO] 游꺚 Token Collector initialized
[2026-02-18T08:00:02.616Z] [INFO] 游늭 Loaded existing data
[2026-02-18T08:00:02.617Z] [INFO] 游댌 Collecting session status data...
[2026-02-18T08:00:02.620Z] [INFO] 游늭 Found logs at: /home/ubuntu/.openclaw/logs
[2026-02-18T08:00:02.764Z] [WARN] 丘멆잺  Endpoint /api/session/status returns HTML, skipping
[2026-02-18T08:00:02.783Z] [WARN] 丘멆잺  Endpoint /api/stats returns HTML, skipping
[2026-02-18T08:00:02.794Z] [WARN] 丘멆잺  Endpoint /session_status returns HTML, skipping
[2026-02-18T08:00:02.804Z] [WARN] 丘멆잺  Endpoint /stats returns HTML, skipping
[2026-02-18T08:00:02.813Z] [WARN] 丘멆잺  Endpoint /api/v1/session returns HTML, skipping
[2026-02-18T08:00:02.825Z] [WARN] 丘멆잺  Endpoint /api/usage returns HTML, skipping
[2026-02-18T08:00:02.827Z] [WARN] 游니 No JSON API endpoints found, falling back to simulation
[2026-02-18T08:00:02.827Z] [WARN] 游늵 Using simulated data (no data sources accessible)
[2026-02-18T08:00:02.834Z] [INFO] 游늳 Collected: 237 in, 841 out, 168 context
[2026-02-18T09:00:02.841Z] [INFO] 游꺚 Token Collector initialized
[2026-02-18T09:00:02.844Z] [INFO] 游늭 Loaded existing data
[2026-02-18T09:00:02.846Z] [INFO] 游댌 Collecting session status data...
[2026-02-18T09:00:02.848Z] [INFO] 游늭 Found logs at: /home/ubuntu/.openclaw/logs
[2026-02-18T09:00:02.923Z] [WARN] 丘멆잺  Endpoint /api/session/status returns HTML, skipping
[2026-02-18T09:00:02.932Z] [WARN] 丘멆잺  Endpoint /api/stats returns HTML, skipping
[2026-02-18T09:00:02.935Z] [WARN] 丘멆잺  Endpoint /session_status returns HTML, skipping
[2026-02-18T09:00:02.939Z] [WARN] 丘멆잺  Endpoint /stats returns HTML, skipping
[2026-02-18T09:00:02.944Z] [WARN] 丘멆잺  Endpoint /api/v1/session returns HTML, skipping
[2026-02-18T09:00:02.951Z] [WARN] 丘멆잺  Endpoint /api/usage returns HTML, skipping
[2026-02-18T09:00:02.952Z] [WARN] 游니 No JSON API endpoints found, falling back to simulation
[2026-02-18T09:00:02.953Z] [WARN] 游늵 Using simulated data (no data sources accessible)
[2026-02-18T09:00:02.954Z] [INFO] 游늳 Collected: 459 in, 2446 out, 487 context
[2026-02-18T10:00:01.726Z] [INFO] 游꺚 Token Collector initialized
[2026-02-18T10:00:01.731Z] [INFO] 游늭 Loaded existing data
[2026-02-18T10:00:01.734Z] [INFO] 游댌 Collecting session status data...
[2026-02-18T10:00:01.737Z] [INFO] 游늭 Found logs at: /home/ubuntu/.openclaw/logs
[2026-02-18T10:00:01.849Z] [WARN] 丘멆잺  Endpoint /api/session/status returns HTML, skipping
[2026-02-18T10:00:01.857Z] [WARN] 丘멆잺  Endpoint /api/stats returns HTML, skipping
[2026-02-18T10:00:01.860Z] [WARN] 丘멆잺  Endpoint /session_status returns HTML, skipping
[2026-02-18T10:00:01.864Z] [WARN] 丘멆잺  Endpoint /stats returns HTML, skipping
[2026-02-18T10:00:01.870Z] [WARN] 丘멆잺  Endpoint /api/v1/session returns HTML, skipping
[2026-02-18T10:00:01.875Z] [WARN] 丘멆잺  Endpoint /api/usage returns HTML, skipping
[2026-02-18T10:00:01.876Z] [WARN] 游니 No JSON API endpoints found, falling back to simulation
[2026-02-18T10:00:01.876Z] [WARN] 游늵 Using simulated data (no data sources accessible)
[2026-02-18T10:00:01.877Z] [INFO] 游늳 Collected: 1938 in, 3386 out, 258 context
[2026-02-18T11:00:01.388Z] [INFO] 游꺚 Token Collector initialized
[2026-02-18T11:00:01.389Z] [INFO] 游늭 Loaded existing data
[2026-02-18T11:00:01.390Z] [INFO] 游댌 Collecting session status data...
[2026-02-18T11:00:01.397Z] [INFO] 游늭 Found logs at: /home/ubuntu/.openclaw/logs
[2026-02-18T11:00:01.498Z] [WARN] 丘멆잺  Endpoint /api/session/status returns HTML, skipping
[2026-02-18T11:00:01.522Z] [WARN] 丘멆잺  Endpoint /api/stats returns HTML, skipping
[2026-02-18T11:00:01.525Z] [WARN] 丘멆잺  Endpoint /session_status returns HTML, skipping
[2026-02-18T11:00:01.532Z] [WARN] 丘멆잺  Endpoint /stats returns HTML, skipping
[2026-02-18T11:00:01.543Z] [WARN] 丘멆잺  Endpoint /api/v1/session returns HTML, skipping
[2026-02-18T11:00:01.548Z] [WARN] 丘멆잺  Endpoint /api/usage returns HTML, skipping
[2026-02-18T11:00:01.555Z] [WARN] 游니 No JSON API endpoints found, falling back to simulation
[2026-02-18T11:00:01.556Z] [WARN] 游늵 Using simulated data (no data sources accessible)
[2026-02-18T11:00:01.556Z] [INFO] 游늳 Collected: 919 in, 2477 out, 272 context
[2026-02-18T12:00:02.829Z] [INFO] 游꺚 Token Collector initialized
[2026-02-18T12:00:02.830Z] [INFO] 游늭 Loaded existing data
[2026-02-18T12:00:02.835Z] [INFO] 游댌 Collecting session status data...
[2026-02-18T12:00:02.836Z] [INFO] 游늭 Found logs at: /home/ubuntu/.openclaw/logs
[2026-02-18T12:00:02.913Z] [WARN] 丘멆잺  Endpoint /api/session/status returns HTML, skipping
[2026-02-18T12:00:02.924Z] [WARN] 丘멆잺  Endpoint /api/stats returns HTML, skipping
[2026-02-18T12:00:02.934Z] [WARN] 丘멆잺  Endpoint /session_status returns HTML, skipping
[2026-02-18T12:00:02.937Z] [WARN] 丘멆잺  Endpoint /stats returns HTML, skipping
[2026-02-18T12:00:02.941Z] [WARN] 丘멆잺  Endpoint /api/v1/session returns HTML, skipping
[2026-02-18T12:00:02.952Z] [WARN] 丘멆잺  Endpoint /api/usage returns HTML, skipping
[2026-02-18T12:00:02.952Z] [WARN] 游니 No JSON API endpoints found, falling back to simulation
[2026-02-18T12:00:02.953Z] [WARN] 游늵 Using simulated data (no data sources accessible)
[2026-02-18T12:00:02.953Z] [INFO] 游늳 Collected: 1423 in, 2383 out, 637 context
[2026-02-18T13:00:02.300Z] [INFO] 游꺚 Token Collector initialized
[2026-02-18T13:00:02.316Z] [INFO] 游늭 Loaded existing data
[2026-02-18T13:00:02.324Z] [INFO] 游댌 Collecting session status data...
[2026-02-18T13:00:02.327Z] [INFO] 游늭 Found logs at: /home/ubuntu/.openclaw/logs
[2026-02-18T13:00:02.430Z] [WARN] 丘멆잺  Endpoint /api/session/status returns HTML, skipping
[2026-02-18T13:00:02.441Z] [WARN] 丘멆잺  Endpoint /api/stats returns HTML, skipping
[2026-02-18T13:00:02.446Z] [WARN] 丘멆잺  Endpoint /session_status returns HTML, skipping
[2026-02-18T13:00:02.449Z] [WARN] 丘멆잺  Endpoint /stats returns HTML, skipping
[2026-02-18T13:00:02.453Z] [WARN] 丘멆잺  Endpoint /api/v1/session returns HTML, skipping
[2026-02-18T13:00:02.459Z] [WARN] 丘멆잺  Endpoint /api/usage returns HTML, skipping
[2026-02-18T13:00:02.459Z] [WARN] 游니 No JSON API endpoints found, falling back to simulation
[2026-02-18T13:00:02.463Z] [WARN] 游늵 Using simulated data (no data sources accessible)
[2026-02-18T13:00:02.464Z] [INFO] 游늳 Collected: 1913 in, 3888 out, 715 context
[2026-02-18T14:00:02.276Z] [INFO] 游꺚 Token Collector initialized
[2026-02-18T14:00:02.278Z] [INFO] 游늭 Loaded existing data
[2026-02-18T14:00:02.279Z] [INFO] 游댌 Collecting session status data...
[2026-02-18T14:00:02.280Z] [INFO] 游늭 Found logs at: /home/ubuntu/.openclaw/logs
[2026-02-18T14:00:02.356Z] [WARN] 丘멆잺  Endpoint /api/session/status returns HTML, skipping
[2026-02-18T14:00:02.366Z] [WARN] 丘멆잺  Endpoint /api/stats returns HTML, skipping
[2026-02-18T14:00:02.370Z] [WARN] 丘멆잺  Endpoint /session_status returns HTML, skipping
[2026-02-18T14:00:02.376Z] [WARN] 丘멆잺  Endpoint /stats returns HTML, skipping
[2026-02-18T14:00:02.383Z] [WARN] 丘멆잺  Endpoint /api/v1/session returns HTML, skipping
[2026-02-18T14:00:02.388Z] [WARN] 丘멆잺  Endpoint /api/usage returns HTML, skipping
[2026-02-18T14:00:02.389Z] [WARN] 游니 No JSON API endpoints found, falling back to simulation
[2026-02-18T14:00:02.389Z] [WARN] 游늵 Using simulated data (no data sources accessible)
[2026-02-18T14:00:02.390Z] [INFO] 游늳 Collected: 616 in, 1230 out, 543 context
[2026-02-18T14:43:07.352Z] [INFO] 游댌 Collecting session status data...
[2026-02-18T14:43:07.354Z] [INFO] 游꺚 Token Collector initialized
[2026-02-18T14:43:07.355Z] [INFO] 游늭 Found logs at: /home/ubuntu/.openclaw/logs
[2026-02-18T14:43:07.356Z] [INFO] 游니 Fetching real session data from OpenClaw gateway...
[2026-02-18T14:43:07.357Z] [WARN] 游늵 Using simulated data (no data sources accessible)
[2026-02-18T14:43:30.141Z] [INFO] 游댌 Collecting session status data...
[2026-02-18T14:43:30.143Z] [INFO] 游꺚 Token Collector initialized
[2026-02-18T14:43:30.144Z] [INFO] 游늭 Found logs at: /home/ubuntu/.openclaw/logs
[2026-02-18T14:43:30.145Z] [INFO] 游니 Fetching real session data from OpenClaw gateway...
[2026-02-18T14:43:30.146Z] [INFO] 游늭 Reading session data from: 4a270216-f664-4afd-b562-d9e938e2237d.jsonl
[2026-02-18T14:43:30.151Z] [WARN] 游늵 Using simulated data (no data sources accessible)
[2026-02-18T14:43:34.396Z] [INFO] 游니 Fetching real session data from OpenClaw gateway...
[2026-02-18T14:43:34.398Z] [INFO] 游꺚 Token Collector initialized
[2026-02-18T14:43:34.400Z] [INFO] 游늭 Reading session data from: 4a270216-f664-4afd-b562-d9e938e2237d.jsonl
[2026-02-18T14:43:53.177Z] [INFO] 游댌 Collecting session status data...
[2026-02-18T14:43:53.179Z] [INFO] 游꺚 Token Collector initialized
[2026-02-18T14:43:53.180Z] [INFO] 游늭 Found logs at: /home/ubuntu/.openclaw/logs
[2026-02-18T14:43:53.181Z] [INFO] 游니 Fetching real session data from OpenClaw gateway...
[2026-02-18T14:43:53.182Z] [INFO] 游늭 Reading session data from: 4a270216-f664-4afd-b562-d9e938e2237d.jsonl
[2026-02-18T14:43:56.468Z] [INFO] 游꺚 Token Collector initialized
[2026-02-18T14:43:56.470Z] [INFO] 游늭 Loaded existing data
[2026-02-18T14:43:56.471Z] [INFO] 游댌 Collecting session status data...
[2026-02-18T14:43:56.472Z] [INFO] 游늭 Found logs at: /home/ubuntu/.openclaw/logs
[2026-02-18T14:43:56.472Z] [INFO] 游니 Fetching real session data from OpenClaw gateway...
[2026-02-18T14:43:56.476Z] [INFO] 游늭 Reading session data from: 4a270216-f664-4afd-b562-d9e938e2237d.jsonl
[2026-02-18T14:43:56.478Z] [INFO] 游늳 Collected: 0 in, 343 out, 58756 context
[2026-02-18T14:44:09.912Z] [INFO] 游꺚 Token Collector initialized
[2026-02-18T14:44:09.914Z] [INFO] 游늭 Loaded existing data
[2026-02-18T14:44:09.914Z] [INFO] 游댌 Collecting session status data...
[2026-02-18T14:44:09.915Z] [INFO] 游늭 Found logs at: /home/ubuntu/.openclaw/logs
[2026-02-18T14:44:09.915Z] [INFO] 游니 Fetching real session data from OpenClaw gateway...
[2026-02-18T14:44:09.918Z] [INFO] 游늭 Reading session data from: 4a270216-f664-4afd-b562-d9e938e2237d.jsonl
[2026-02-18T14:44:09.920Z] [INFO] 游늳 Collected: 0 in, 105 out, 60680 context
[2026-02-18T15:00:02.679Z] [INFO] 游꺚 Token Collector initialized
[2026-02-18T15:00:02.680Z] [INFO] 游늭 Loaded existing data
[2026-02-18T15:00:02.681Z] [INFO] 游댌 Collecting session status data...
[2026-02-18T15:00:02.682Z] [INFO] 游늭 Found logs at: /home/ubuntu/.openclaw/logs
[2026-02-18T15:00:02.683Z] [INFO] 游니 Fetching real session data from OpenClaw gateway...
[2026-02-18T15:00:02.688Z] [INFO] 游늭 Reading session data from: 4a270216-f664-4afd-b562-d9e938e2237d.jsonl
[2026-02-18T15:00:02.702Z] [INFO] 游늳 Collected: 2 in, 366 out, 80428 context
[2026-02-18T16:00:02.686Z] [INFO] 游꺚 Token Collector initialized
[2026-02-18T16:00:02.687Z] [INFO] 游늭 Loaded existing data
[2026-02-18T16:00:02.692Z] [INFO] 游댌 Collecting session status data...
[2026-02-18T16:00:02.693Z] [INFO] 游늭 Found logs at: /home/ubuntu/.openclaw/logs
[2026-02-18T16:00:02.694Z] [INFO] 游니 Fetching real session data from OpenClaw gateway...
[2026-02-18T16:00:02.698Z] [INFO] 游늭 Reading session data from: 4a270216-f664-4afd-b562-d9e938e2237d.jsonl
[2026-02-18T16:00:02.707Z] [INFO] 游늳 Collected: 2 in, 366 out, 80428 context
[2026-02-18T17:00:01.665Z] [INFO] 游꺚 Token Collector initialized
[2026-02-18T17:00:01.666Z] [INFO] 游늭 Loaded existing data
[2026-02-18T17:00:01.676Z] [INFO] 游댌 Collecting session status data...
[2026-02-18T17:00:01.676Z] [INFO] 游늭 Found logs at: /home/ubuntu/.openclaw/logs
[2026-02-18T17:00:01.677Z] [INFO] 游니 Fetching real session data from OpenClaw gateway...
[2026-02-18T17:00:01.687Z] [INFO] 游늭 Reading session data from: 4a270216-f664-4afd-b562-d9e938e2237d.jsonl
[2026-02-18T17:00:01.695Z] [INFO] 游늳 Collected: 2 in, 366 out, 80428 context
[2026-02-18T18:00:02.887Z] [INFO] 游꺚 Token Collector initialized
[2026-02-18T18:00:02.888Z] [INFO] 游늭 Loaded existing data
[2026-02-18T18:00:02.892Z] [INFO] 游댌 Collecting session status data...
[2026-02-18T18:00:02.893Z] [INFO] 游늭 Found logs at: /home/ubuntu/.openclaw/logs
[2026-02-18T18:00:02.894Z] [INFO] 游니 Fetching real session data from OpenClaw gateway...
[2026-02-18T18:00:02.904Z] [INFO] 游늭 Reading session data from: 4a270216-f664-4afd-b562-d9e938e2237d.jsonl
[2026-02-18T18:00:02.924Z] [INFO] 游늳 Collected: 2 in, 366 out, 80428 context
[2026-02-18T19:00:01.595Z] [INFO] 游꺚 Token Collector initialized
[2026-02-18T19:00:01.597Z] [INFO] 游늭 Loaded existing data
[2026-02-18T19:00:01.604Z] [INFO] 游댌 Collecting session status data...
[2026-02-18T19:00:01.604Z] [INFO] 游늭 Found logs at: /home/ubuntu/.openclaw/logs
[2026-02-18T19:00:01.606Z] [INFO] 游니 Fetching real session data from OpenClaw gateway...
[2026-02-18T19:00:01.615Z] [INFO] 游늭 Reading session data from: 4a270216-f664-4afd-b562-d9e938e2237d.jsonl
[2026-02-18T19:00:01.629Z] [INFO] 游늳 Collected: 2 in, 366 out, 80428 context
[2026-02-18T20:00:02.553Z] [INFO] 游꺚 Token Collector initialized
[2026-02-18T20:00:02.555Z] [INFO] 游늭 Loaded existing data
[2026-02-18T20:00:02.557Z] [INFO] 游댌 Collecting session status data...
[2026-02-18T20:00:02.560Z] [INFO] 游늭 Found logs at: /home/ubuntu/.openclaw/logs
[2026-02-18T20:00:02.561Z] [INFO] 游니 Fetching real session data from OpenClaw gateway...
[2026-02-18T20:00:02.563Z] [INFO] 游늭 Reading session data from: 4a270216-f664-4afd-b562-d9e938e2237d.jsonl
[2026-02-18T20:00:02.574Z] [INFO] 游늳 Collected: 2 in, 366 out, 80428 context
[2026-02-18T21:00:02.469Z] [INFO] 游꺚 Token Collector initialized
[2026-02-18T21:00:02.479Z] [INFO] 游늭 Loaded existing data
[2026-02-18T21:00:02.480Z] [INFO] 游댌 Collecting session status data...
[2026-02-18T21:00:02.481Z] [INFO] 游늭 Found logs at: /home/ubuntu/.openclaw/logs
[2026-02-18T21:00:02.482Z] [INFO] 游니 Fetching real session data from OpenClaw gateway...
[2026-02-18T21:00:02.487Z] [INFO] 游늭 Reading session data from: 4a270216-f664-4afd-b562-d9e938e2237d.jsonl
[2026-02-18T21:00:02.496Z] [INFO] 游늳 Collected: 2 in, 366 out, 80428 context
[2026-02-18T22:00:02.400Z] [INFO] 游꺚 Token Collector initialized
[2026-02-18T22:00:02.404Z] [INFO] 游늭 Loaded existing data
[2026-02-18T22:00:02.405Z] [INFO] 游댌 Collecting session status data...
[2026-02-18T22:00:02.416Z] [INFO] 游늭 Found logs at: /home/ubuntu/.openclaw/logs
[2026-02-18T22:00:02.424Z] [INFO] 游니 Fetching real session data from OpenClaw gateway...
[2026-02-18T22:00:02.425Z] [INFO] 游늭 Reading session data from: 4a270216-f664-4afd-b562-d9e938e2237d.jsonl
[2026-02-18T22:00:02.441Z] [INFO] 游늳 Collected: 2 in, 366 out, 80428 context
[2026-02-18T23:00:02.504Z] [INFO] 游꺚 Token Collector initialized
[2026-02-18T23:00:02.506Z] [INFO] 游늭 Loaded existing data
[2026-02-18T23:00:02.508Z] [INFO] 游댌 Collecting session status data...
[2026-02-18T23:00:02.508Z] [INFO] 游늭 Found logs at: /home/ubuntu/.openclaw/logs
[2026-02-18T23:00:02.510Z] [INFO] 游니 Fetching real session data from OpenClaw gateway...
[2026-02-18T23:00:02.515Z] [INFO] 游늭 Reading session data from: 4a270216-f664-4afd-b562-d9e938e2237d.jsonl
[2026-02-18T23:00:02.522Z] [INFO] 游늳 Collected: 2 in, 366 out, 80428 context
[2026-02-19T00:00:03.022Z] [INFO] 游꺚 Token Collector initialized
[2026-02-19T00:00:03.028Z] [INFO] 游늭 Loaded existing data
[2026-02-19T00:00:03.199Z] [INFO] 游꺚 Token Collector initialized
[2026-02-19T00:00:03.200Z] [INFO] 游늭 Loaded existing data
[2026-02-19T00:00:03.201Z] [INFO] 游댌 Collecting session status data...
[2026-02-19T00:00:03.201Z] [INFO] 游늭 Found logs at: /home/ubuntu/.openclaw/logs
[2026-02-19T00:00:03.202Z] [INFO] 游니 Fetching real session data from OpenClaw gateway...
[2026-02-19T00:00:03.206Z] [INFO] 游늭 Reading session data from: 4a270216-f664-4afd-b562-d9e938e2237d.jsonl
[2026-02-19T00:00:03.209Z] [INFO] 游늳 Collected: 2 in, 366 out, 80428 context
[2026-02-19T01:00:01.835Z] [INFO] 游꺚 Token Collector initialized
[2026-02-19T01:00:01.837Z] [INFO] 游늭 Loaded existing data
[2026-02-19T01:00:01.838Z] [INFO] 游댌 Collecting session status data...
[2026-02-19T01:00:01.838Z] [INFO] 游늭 Found logs at: /home/ubuntu/.openclaw/logs
[2026-02-19T01:00:01.841Z] [INFO] 游니 Fetching real session data from OpenClaw gateway...
[2026-02-19T01:00:01.898Z] [INFO] 游늭 Reading session data from: 4a270216-f664-4afd-b562-d9e938e2237d.jsonl
[2026-02-19T01:00:01.921Z] [INFO] 游늳 Collected: 2 in, 366 out, 80428 context
[2026-02-19T02:00:01.614Z] [INFO] 游꺚 Token Collector initialized
[2026-02-19T02:00:01.616Z] [INFO] 游늭 Loaded existing data
[2026-02-19T02:00:01.621Z] [INFO] 游댌 Collecting session status data...
[2026-02-19T02:00:01.622Z] [INFO] 游늭 Found logs at: /home/ubuntu/.openclaw/logs
[2026-02-19T02:00:01.624Z] [INFO] 游니 Fetching real session data from OpenClaw gateway...
[2026-02-19T02:00:01.625Z] [INFO] 游늭 Reading session data from: 4a270216-f664-4afd-b562-d9e938e2237d.jsonl
[2026-02-19T02:00:01.640Z] [INFO] 游늳 Collected: 2 in, 366 out, 80428 context
[2026-02-19T03:00:02.588Z] [INFO] 游꺚 Token Collector initialized
[2026-02-19T03:00:02.590Z] [INFO] 游늭 Loaded existing data
[2026-02-19T03:00:02.591Z] [INFO] 游댌 Collecting session status data...
[2026-02-19T03:00:02.592Z] [INFO] 游늭 Found logs at: /home/ubuntu/.openclaw/logs
[2026-02-19T03:00:02.593Z] [INFO] 游니 Fetching real session data from OpenClaw gateway...
[2026-02-19T03:00:02.606Z] [INFO] 游늭 Reading session data from: 4a270216-f664-4afd-b562-d9e938e2237d.jsonl
[2026-02-19T03:00:02.611Z] [INFO] 游늳 Collected: 2 in, 366 out, 80428 context
[2026-02-19T04:00:02.521Z] [INFO] 游꺚 Token Collector initialized
[2026-02-19T04:00:02.523Z] [INFO] 游늭 Loaded existing data
[2026-02-19T04:00:02.530Z] [INFO] 游댌 Collecting session status data...
[2026-02-19T04:00:02.533Z] [INFO] 游늭 Found logs at: /home/ubuntu/.openclaw/logs
[2026-02-19T04:00:02.538Z] [INFO] 游니 Fetching real session data from OpenClaw gateway...
[2026-02-19T04:00:02.547Z] [INFO] 游늭 Reading session data from: 4a270216-f664-4afd-b562-d9e938e2237d.jsonl
[2026-02-19T04:00:02.564Z] [INFO] 游늳 Collected: 2 in, 366 out, 80428 context
[2026-02-19T05:00:02.920Z] [INFO] 游꺚 Token Collector initialized
[2026-02-19T05:00:02.922Z] [INFO] 游늭 Loaded existing data
[2026-02-19T05:00:02.931Z] [INFO] 游댌 Collecting session status data...
[2026-02-19T05:00:02.932Z] [INFO] 游늭 Found logs at: /home/ubuntu/.openclaw/logs
[2026-02-19T05:00:02.934Z] [INFO] 游니 Fetching real session data from OpenClaw gateway...
[2026-02-19T05:00:02.939Z] [INFO] 游늭 Reading session data from: 4a270216-f664-4afd-b562-d9e938e2237d.jsonl
[2026-02-19T05:00:02.944Z] [INFO] 游늳 Collected: 2 in, 366 out, 80428 context
[2026-02-19T06:00:02.953Z] [INFO] 游꺚 Token Collector initialized
[2026-02-19T06:00:02.956Z] [INFO] 游늭 Loaded existing data
[2026-02-19T06:00:02.959Z] [INFO] 游댌 Collecting session status data...
[2026-02-19T06:00:02.960Z] [INFO] 游늭 Found logs at: /home/ubuntu/.openclaw/logs
[2026-02-19T06:00:02.961Z] [INFO] 游니 Fetching real session data from OpenClaw gateway...
[2026-02-19T06:00:02.962Z] [INFO] 游늭 Reading session data from: 4a270216-f664-4afd-b562-d9e938e2237d.jsonl
[2026-02-19T06:00:02.980Z] [INFO] 游늳 Collected: 2 in, 366 out, 80428 context
[2026-02-19T07:00:01.478Z] [INFO] 游꺚 Token Collector initialized
[2026-02-19T07:00:01.480Z] [INFO] 游늭 Loaded existing data
[2026-02-19T07:00:01.483Z] [INFO] 游댌 Collecting session status data...
[2026-02-19T07:00:01.484Z] [INFO] 游늭 Found logs at: /home/ubuntu/.openclaw/logs
[2026-02-19T07:00:01.485Z] [INFO] 游니 Fetching real session data from OpenClaw gateway...
[2026-02-19T07:00:01.501Z] [INFO] 游늭 Reading session data from: 4a270216-f664-4afd-b562-d9e938e2237d.jsonl
[2026-02-19T07:00:01.534Z] [INFO] 游늳 Collected: 2 in, 366 out, 80428 context
[2026-02-19T08:00:01.680Z] [INFO] 游꺚 Token Collector initialized
[2026-02-19T08:00:01.681Z] [INFO] 游늭 Loaded existing data
[2026-02-19T08:00:01.683Z] [INFO] 游댌 Collecting session status data...
[2026-02-19T08:00:01.683Z] [INFO] 游늭 Found logs at: /home/ubuntu/.openclaw/logs
[2026-02-19T08:00:01.688Z] [INFO] 游니 Fetching real session data from OpenClaw gateway...
[2026-02-19T08:00:01.702Z] [INFO] 游늭 Reading session data from: 4a270216-f664-4afd-b562-d9e938e2237d.jsonl
[2026-02-19T08:00:01.716Z] [INFO] 游늳 Collected: 2 in, 366 out, 80428 context
[2026-02-19T09:00:02.240Z] [INFO] 游꺚 Token Collector initialized
[2026-02-19T09:00:02.241Z] [INFO] 游늭 Loaded existing data
[2026-02-19T09:00:02.244Z] [INFO] 游댌 Collecting session status data...
[2026-02-19T09:00:02.245Z] [INFO] 游늭 Found logs at: /home/ubuntu/.openclaw/logs
[2026-02-19T09:00:02.251Z] [INFO] 游니 Fetching real session data from OpenClaw gateway...
[2026-02-19T09:00:02.262Z] [INFO] 游늭 Reading session data from: 4a270216-f664-4afd-b562-d9e938e2237d.jsonl
[2026-02-19T09:00:02.266Z] [INFO] 游늳 Collected: 2 in, 366 out, 80428 context
[2026-02-19T10:00:02.540Z] [INFO] 游꺚 Token Collector initialized
[2026-02-19T10:00:02.543Z] [INFO] 游늭 Loaded existing data
[2026-02-19T10:00:02.548Z] [INFO] 游댌 Collecting session status data...
[2026-02-19T10:00:02.559Z] [INFO] 游늭 Found logs at: /home/ubuntu/.openclaw/logs
[2026-02-19T10:00:02.560Z] [INFO] 游니 Fetching real session data from OpenClaw gateway...
[2026-02-19T10:00:02.574Z] [INFO] 游늭 Reading session data from: 4a270216-f664-4afd-b562-d9e938e2237d.jsonl
[2026-02-19T10:00:02.586Z] [INFO] 游늳 Collected: 2 in, 366 out, 80428 context
[2026-02-19T11:00:02.788Z] [INFO] 游꺚 Token Collector initialized
[2026-02-19T11:00:02.790Z] [INFO] 游늭 Loaded existing data
[2026-02-19T11:00:02.791Z] [INFO] 游댌 Collecting session status data...
[2026-02-19T11:00:02.793Z] [INFO] 游늭 Found logs at: /home/ubuntu/.openclaw/logs
[2026-02-19T11:00:02.794Z] [INFO] 游니 Fetching real session data from OpenClaw gateway...
[2026-02-19T11:00:02.809Z] [INFO] 游늭 Reading session data from: 4a270216-f664-4afd-b562-d9e938e2237d.jsonl
[2026-02-19T11:00:02.815Z] [INFO] 游늳 Collected: 2 in, 366 out, 80428 context
[2026-02-19T12:00:02.834Z] [INFO] 游꺚 Token Collector initialized
[2026-02-19T12:00:02.835Z] [INFO] 游늭 Loaded existing data
[2026-02-19T12:00:02.837Z] [INFO] 游댌 Collecting session status data...
[2026-02-19T12:00:02.839Z] [INFO] 游늭 Found logs at: /home/ubuntu/.openclaw/logs
[2026-02-19T12:00:02.845Z] [INFO] 游니 Fetching real session data from OpenClaw gateway...
[2026-02-19T12:00:02.855Z] [INFO] 游늭 Reading session data from: 4a270216-f664-4afd-b562-d9e938e2237d.jsonl
[2026-02-19T12:00:02.859Z] [INFO] 游늳 Collected: 2 in, 366 out, 80428 context
[2026-02-19T13:00:02.789Z] [INFO] 游꺚 Token Collector initialized
[2026-02-19T13:00:02.795Z] [INFO] 游늭 Loaded existing data
[2026-02-19T13:00:02.796Z] [INFO] 游댌 Collecting session status data...
[2026-02-19T13:00:02.797Z] [INFO] 游늭 Found logs at: /home/ubuntu/.openclaw/logs
[2026-02-19T13:00:02.798Z] [INFO] 游니 Fetching real session data from OpenClaw gateway...
[2026-02-19T13:00:02.806Z] [INFO] 游늭 Reading session data from: 4a270216-f664-4afd-b562-d9e938e2237d.jsonl
[2026-02-19T13:00:02.811Z] [INFO] 游늳 Collected: 2 in, 366 out, 80428 context
[2026-02-19T14:00:02.854Z] [INFO] 游꺚 Token Collector initialized
[2026-02-19T14:00:02.869Z] [INFO] 游늭 Loaded existing data
[2026-02-19T14:00:02.875Z] [INFO] 游댌 Collecting session status data...
[2026-02-19T14:00:02.881Z] [INFO] 游늭 Found logs at: /home/ubuntu/.openclaw/logs
[2026-02-19T14:00:02.885Z] [INFO] 游니 Fetching real session data from OpenClaw gateway...
[2026-02-19T14:00:02.908Z] [INFO] 游늭 Reading session data from: 4a270216-f664-4afd-b562-d9e938e2237d.jsonl
[2026-02-19T14:00:02.922Z] [INFO] 游늳 Collected: 2 in, 366 out, 80428 context
[2026-02-19T15:00:02.820Z] [INFO] 游꺚 Token Collector initialized
[2026-02-19T15:00:02.821Z] [INFO] 游늭 Loaded existing data
[2026-02-19T15:00:02.822Z] [INFO] 游댌 Collecting session status data...
[2026-02-19T15:00:02.823Z] [INFO] 游늭 Found logs at: /home/ubuntu/.openclaw/logs
[2026-02-19T15:00:02.826Z] [INFO] 游니 Fetching real session data from OpenClaw gateway...
[2026-02-19T15:00:02.827Z] [INFO] 游늭 Reading session data from: 4a270216-f664-4afd-b562-d9e938e2237d.jsonl
[2026-02-19T15:00:02.834Z] [INFO] 游늳 Collected: 2 in, 366 out, 80428 context
[2026-02-19T16:00:02.956Z] [INFO] 游꺚 Token Collector initialized
[2026-02-19T16:00:02.957Z] [INFO] 游늭 Loaded existing data
[2026-02-19T16:00:02.958Z] [INFO] 游댌 Collecting session status data...
[2026-02-19T16:00:02.959Z] [INFO] 游늭 Found logs at: /home/ubuntu/.openclaw/logs
[2026-02-19T16:00:02.959Z] [INFO] 游니 Fetching real session data from OpenClaw gateway...
[2026-02-19T16:00:02.961Z] [INFO] 游늭 Reading session data from: 4a270216-f664-4afd-b562-d9e938e2237d.jsonl
[2026-02-19T16:00:02.968Z] [INFO] 游늳 Collected: 2 in, 366 out, 80428 context
[2026-02-19T17:00:02.106Z] [INFO] 游꺚 Token Collector initialized
[2026-02-19T17:00:02.114Z] [INFO] 游늭 Loaded existing data
[2026-02-19T17:00:02.125Z] [INFO] 游댌 Collecting session status data...
[2026-02-19T17:00:02.125Z] [INFO] 游늭 Found logs at: /home/ubuntu/.openclaw/logs
[2026-02-19T17:00:02.143Z] [INFO] 游니 Fetching real session data from OpenClaw gateway...
[2026-02-19T17:00:02.145Z] [INFO] 游늭 Reading session data from: 4a270216-f664-4afd-b562-d9e938e2237d.jsonl
[2026-02-19T17:00:02.152Z] [INFO] 游늳 Collected: 2 in, 366 out, 80428 context
[2026-02-19T18:00:02.803Z] [INFO] 游꺚 Token Collector initialized
[2026-02-19T18:00:02.806Z] [INFO] 游늭 Loaded existing data
[2026-02-19T18:00:02.807Z] [INFO] 游댌 Collecting session status data...
[2026-02-19T18:00:02.810Z] [INFO] 游늭 Found logs at: /home/ubuntu/.openclaw/logs
[2026-02-19T18:00:02.811Z] [INFO] 游니 Fetching real session data from OpenClaw gateway...
[2026-02-19T18:00:02.824Z] [INFO] 游늭 Reading session data from: 4a270216-f664-4afd-b562-d9e938e2237d.jsonl
[2026-02-19T18:00:02.834Z] [INFO] 游늳 Collected: 2 in, 366 out, 80428 context
[2026-02-19T19:00:02.015Z] [INFO] 游꺚 Token Collector initialized
[2026-02-19T19:00:02.023Z] [INFO] 游늭 Loaded existing data
[2026-02-19T19:00:02.024Z] [INFO] 游댌 Collecting session status data...
[2026-02-19T19:00:02.033Z] [INFO] 游늭 Found logs at: /home/ubuntu/.openclaw/logs
[2026-02-19T19:00:02.039Z] [INFO] 游니 Fetching real session data from OpenClaw gateway...
[2026-02-19T19:00:02.041Z] [INFO] 游늭 Reading session data from: 4a270216-f664-4afd-b562-d9e938e2237d.jsonl
[2026-02-19T19:00:02.053Z] [INFO] 游늳 Collected: 2 in, 366 out, 80428 context
